<?xml version="1.0" encoding="UTF-8"?>
<!-- Generated by org.testng.reporters.JUnitXMLReporter -->
<testsuite ignored="1" hostname="DESKTOP-AM4RQ03" failures="1" tests="1" name="Default test(failed)" time="0.11" errors="0" timestamp="2023-12-25T10:32:39 IST">
  <testcase classname="testngDemo.AssertionDemo" name="hardAssertion" time="0.034">
    <failure type="java.lang.AssertionError" message="Fail: String aren&amp;apos;t equal expected [This is SweEkar] but found [This is Sweekar]">
      <![CDATA[java.lang.AssertionError: Fail: String aren't equal expected [This is SweEkar] but found [This is Sweekar]
at testngDemo.AssertionDemo.hardAssertion(AssertionDemo.java:12)
at java.base/java.util.ArrayList.forEach(ArrayList.java:1511)
... Removed 32 stack frames]]>
    </failure>
  </testcase> <!-- hardAssertion -->
  <testcase classname="testngDemo.AssertionDemo" name="spftAssertion" time="0.0">
    <ignored/>
  </testcase> <!-- spftAssertion -->
</testsuite> <!-- Default test(failed) -->
