<?xml version="1.0" encoding="UTF-8"?>
<!-- Generated by org.testng.reporters.JUnitXMLReporter -->
<testsuite ignored="5" hostname="DESKTOP-AM4RQ03" failures="0" tests="0" time="0.015" errors="0" timestamp="2023-12-30T16:33:47 IST">
  <testcase classname="testngDemo.GroupDemo" name="f" time="0.0">
    <ignored/>
  </testcase> <!-- f -->
  <testcase classname="testngDemo.GroupDemo" name="f1" time="0.0">
    <ignored/>
  </testcase> <!-- f1 -->
  <testcase classname="testngDemo.GroupDemo" name="f5" time="0.0">
    <ignored/>
  </testcase> <!-- f5 -->
  <testcase classname="testngDemo.GroupDemo" name="f4" time="0.0">
    <ignored/>
  </testcase> <!-- f4 -->
  <testcase classname="testngDemo.GroupDemo" name="f3" time="0.0">
    <ignored/>
  </testcase> <!-- f3 -->
</testsuite>
