<?xml version="1.0" encoding="UTF-8"?>
<!-- Generated by org.testng.reporters.JUnitXMLReporter -->
<testsuite ignored="2" hostname="DESKTOP-AM4RQ03" failures="0" tests="1" name="TestDisable" time="0.098" errors="0" timestamp="2023-12-26T21:09:57 IST">
  <testcase classname="testngDemo.TestDisable" name="f2" time="0.014"/>
  <testcase classname="testngDemo.TestDisable" name="f1" time="0.0">
    <ignored/>
  </testcase> <!-- f1 -->
  <testcase classname="testngDemo.TestDisable" name="f3" time="0.0">
    <ignored/>
  </testcase> <!-- f3 -->
</testsuite> <!-- TestDisable -->
