<?xml version="1.0" encoding="UTF-8"?>
<testng-results ignored="0" total="1" passed="1" failed="0" skipped="0">
  <reporter-output>
  </reporter-output>
  <suite started-at="2024-01-22T14:32:52 IST" name="Default suite" finished-at="2024-01-22T14:32:57 IST" duration-ms="4220">
    <groups>
    </groups>
    <test started-at="2024-01-22T14:32:52 IST" name="Default test" finished-at="2024-01-22T14:32:57 IST" duration-ms="4220">
      <class name="testngDemo.ScreenShotDemo">
        <test-method signature="capture()[pri:0, instance:testngDemo.ScreenShotDemo@49ec71f8]" started-at="2024-01-22T14:32:53 IST" name="capture" finished-at="2024-01-22T14:32:57 IST" duration-ms="4163" status="PASS">
          <reporter-output>
          </reporter-output>
        </test-method> <!-- capture -->
      </class> <!-- testngDemo.ScreenShotDemo -->
    </test> <!-- Default test -->
  </suite> <!-- Default suite -->
</testng-results>
